<testsuite errors="0" failures="1" name="Rally test suite" tests="105" time="1927.31"><testcase classname="Authenticate" name="keystone" time="5.74" /><testcase classname="Authenticate" name="validate_cinder" time="6.19" /><testcase classname="Authenticate" name="validate_glance" time="5.94" /><testcase classname="Authenticate" name="validate_heat" time="5.74" /><testcase classname="Authenticate" name="validate_neutron" time="6.19" /><testcase classname="Authenticate" name="validate_nova" time="5.75" /><testcase classname="CinderVolumes" name="create_and_accept_transfer" time="13.73" /><testcase classname="CinderVolumes" name="create_and_attach_volume" time="30.20" /><testcase classname="CinderVolumes" name="create_and_delete_snapshot" time="17.96" /><testcase classname="CinderVolumeTypes" name="create_and_delete_volume_type" time="7.02" /><testcase classname="CinderVolumes" name="create_and_delete_volume" time="13.08" /><testcase classname="CinderVolumes" name="create_and_extend_volume" time="15.24" /><testcase classname="CinderVolumeTypes" name="create_and_list_encryption_type" time="9.05" /><testcase classname="CinderVolumes" name="create_and_update_volume" time="13.52" /><testcase classname="CinderVolumes" name="create_and_upload_volume_to_image" time="62.49" /><testcase classname="CinderVolumes" name="create_from_volume_and_delete_volume" time="18.49" /><testcase classname="CinderVolumes" name="create_nested_snapshots_and_attach_volume" time="99.60" /><testcase classname="CinderVolumes" name="create_volume_and_clone" time="26.36" /><testcase classname="CinderVolumes" name="create_volume_from_snapshot" time="23.09" /><testcase classname="CinderVolumes" name="create_volume_and_update_readonly_flag" time="13.43" /><testcase classname="CinderVolumes" name="list_transfers" time="6.76" /><testcase classname="CinderVolumes" name="list_types" time="6.32" /><testcase classname="CinderVolumes" name="modify_volume_metadata" time="19.81" /><testcase classname="GlanceImages" name="create_and_delete_image" time="9.96" /><testcase classname="GlanceImages" name="create_image_and_boot_instances" time="24.95" /><testcase classname="GlanceImages" name="list_images" time="23.86" /><testcase classname="HeatStacks" name="create_and_delete_stack" time="25.81" /><testcase classname="HeatStacks" name="create_and_delete_stack" time="27.09" /><testcase classname="HeatStacks" name="create_and_delete_stack" time="35.33" /><testcase classname="HeatStacks" name="create_check_delete_stack" time="11.28" /><testcase classname="HeatStacks" name="create_snapshot_restore_delete_stack" time="15.58" /><testcase classname="HeatStacks" name="create_stack_and_list_output_via_API" time="18.47" /><testcase classname="HeatStacks" name="create_stack_and_scale" time="34.24" /><testcase classname="HeatStacks" name="create_stack_and_show_output_via_API" time="17.89" /><testcase classname="HeatStacks" name="create_suspend_resume_delete_stack" time="13.78" /><testcase classname="HeatStacks" name="create_update_delete_stack" time="14.11" /><testcase classname="HeatStacks" name="create_update_delete_stack" time="20.00" /><testcase classname="HeatStacks" name="create_update_delete_stack" time="21.14" /><testcase classname="HeatStacks" name="create_update_delete_stack" time="19.89" /><testcase classname="HeatStacks" name="create_update_delete_stack" time="15.13" /><testcase classname="KeystoneBasic" name="add_and_remove_user_role" time="8.05" /><testcase classname="KeystoneBasic" name="authenticate_user_and_validate_token" time="7.27" /><testcase classname="KeystoneBasic" name="create_add_and_list_user_roles" time="8.15" /><testcase classname="KeystoneBasic" name="create_and_delete_ec2credential" time="5.85" /><testcase classname="KeystoneBasic" name="create_and_delete_role" time="6.99" /><testcase classname="KeystoneBasic" name="create_and_delete_service" time="7.03" /><testcase classname="KeystoneBasic" name="create_delete_user" time="7.11" /><testcase classname="KeystoneBasic" name="create_tenant_with_users" time="7.13" /><testcase classname="KeystoneBasic" name="create_update_and_delete_tenant" time="7.06" /><testcase classname="KeystoneBasic" name="create_user_set_enabled_and_delete" time="6.87" /><testcase classname="KeystoneBasic" name="create_user_set_enabled_and_delete" time="6.94" /><testcase classname="KeystoneBasic" name="create_user_update_password" time="7.17" /><testcase classname="KeystoneBasic" name="get_entities" time="8.92" /><testcase classname="NeutronNetworks" name="create_and_delete_floating_ips" time="9.83" /><testcase classname="NeutronNetworks" name="create_and_delete_networks" time="9.76" /><testcase classname="NeutronNetworks" name="create_and_delete_ports" time="26.36" /><testcase classname="NeutronNetworks" name="create_and_delete_routers" time="23.97" /><testcase classname="NeutronSecurityGroup" name="create_and_delete_security_groups" time="9.78" /><testcase classname="NeutronNetworks" name="create_and_delete_subnets" time="19.28" /><testcase classname="NeutronNetworks" name="create_and_update_networks" time="10.17" /><testcase classname="NeutronNetworks" name="create_and_update_ports" time="19.25" /><testcase classname="NeutronNetworks" name="create_and_update_routers" time="20.56" /><testcase classname="NeutronSecurityGroup" name="create_and_update_security_groups" time="10.62" /><testcase classname="NeutronNetworks" name="create_and_update_subnets" time="18.22" /><testcase classname="NeutronNetworks" name="list_agents" time="5.06" /><testcase classname="NovaAggregates" name="create_aggregate_add_and_remove_host" time="8.30" /><testcase classname="NovaAggregates" name="create_aggregate_add_host_and_boot_server" time="19.39"><failure message="Failure rate criteria 0.00% &lt;= 100.00% &lt;= 0.00% - Failed" /></testcase><testcase classname="NovaFlavors" name="create_and_delete_flavor" time="5.91" /><testcase classname="NovaKeypair" name="create_and_delete_keypair" time="6.52" /><testcase classname="NovaServerGroups" name="create_and_list_server_groups" time="7.73" /><testcase classname="NovaAggregates" name="create_and_update_aggregate" time="7.19" /><testcase classname="NovaSecGroup" name="create_and_update_secgroups" time="11.37" /><testcase classname="NovaFlavors" name="create_flavor_and_add_tenant_access" time="7.35" /><testcase classname="NovaFlavors" name="create_flavor_and_set_keys" time="6.99" /><testcase classname="NovaAgents" name="list_agents" time="4.83" /><testcase classname="NovaHosts" name="list_and_get_hosts" time="6.59" /><testcase classname="NovaHypervisors" name="list_and_get_uptime_hypervisors" time="7.05" /><testcase classname="NovaHypervisors" name="list_and_search_hypervisors" time="5.73" /><testcase classname="NovaAvailabilityZones" name="list_availability_zones" time="4.88" /><testcase classname="NovaImages" name="list_images" time="7.06" /><testcase classname="NovaServers" name="list_servers" time="16.66" /><testcase classname="NovaServices" name="list_services" time="5.19" /><testcase classname="NovaServers" name="pause_and_unpause_server" time="18.50" /><testcase classname="NovaServers" name="resize_shutoff_server" time="35.80" /><testcase classname="NovaServers" name="shelve_and_unshelve_server" time="32.30" /><testcase classname="NovaHypervisors" name="statistics_hypervisors" time="4.64" /><testcase classname="NovaServers" name="suspend_and_resume_server" time="29.92" /><testcase classname="NovaServers" name="boot_and_delete_multiple_servers" time="15.55" /><testcase classname="NovaKeypair" name="boot_and_delete_server_with_keypair" time="14.16" /><testcase classname="NovaSecGroup" name="boot_and_delete_server_with_secgroups" time="43.58" /><testcase classname="NovaServers" name="boot_and_get_console_output" time="14.84" /><testcase classname="NovaServers" name="boot_and_live_migrate_server" time="20.45" /><testcase classname="NovaServers" name="boot_and_migrate_server" time="24.97" /><testcase classname="NovaServers" name="boot_and_rebuild_server" time="21.52" /><testcase classname="NovaServers" name="boot_and_update_server" time="14.73" /><testcase classname="NovaServers" name="boot_and_bounce_server" time="48.79" /><testcase classname="NovaServers" name="boot_server_from_volume_and_delete" time="70.48" /><testcase classname="NovaServers" name="boot_server_from_volume_and_resize" time="67.50" /><testcase classname="NovaServers" name="boot_server_from_volume_snapshot" time="66.88" /><testcase classname="NovaServers" name="boot_lock_unlock_and_delete" time="15.85" /><testcase classname="NovaServers" name="boot_server_associate_and_dissociate_floating_ip" time="32.03" /><testcase classname="NovaServers" name="boot_server_attach_created_volume_and_resize" time="41.49" /><testcase classname="NovaServers" name="boot_server_from_volume_and_live_migrate" time="58.64" /><testcase classname="NovaServers" name="snapshot_server" time="32.43" /><testcase classname="NovaAggregates" name="create_and_delete_aggregate" time="5.90" /></testsuite>